d:\project\gm\gm\release\qrc_gm.obj
d:\project\gm\gm\release\vector4.obj
d:\project\gm\gm\release\render.obj
d:\project\gm\gm\release\readobj.obj
d:\project\gm\gm\release\matrix4.obj
d:\project\gm\gm\release\main.obj
d:\project\gm\gm\release\gm.obj
d:\project\gm\gm\release\moc_render.obj
d:\project\gm\gm\release\moc_gm.obj
d:\project\gm\gm\generatedfiles\ui_gm.h
d:\project\gm\gm\generatedfiles\qrc_gm.cpp
d:\project\gm\gm\generatedfiles\release\moc_gm.cpp
d:\project\gm\gm\generatedfiles\release\moc_render.cpp
d:\project\gm\win32\release\gm.exe
d:\project\gm\gm\release\gm.tlog\cl.command.1.tlog
d:\project\gm\gm\release\gm.tlog\cl.read.1.tlog
d:\project\gm\gm\release\gm.tlog\cl.write.1.tlog
d:\project\gm\gm\release\gm.tlog\custombuild.command.1.tlog
d:\project\gm\gm\release\gm.tlog\custombuild.read.1.tlog
d:\project\gm\gm\release\gm.tlog\custombuild.write.1.tlog
d:\project\gm\gm\release\gm.tlog\link.command.1.tlog
d:\project\gm\gm\release\gm.tlog\link.read.1.tlog
d:\project\gm\gm\release\gm.tlog\link.write.1.tlog
