d:\project\gm\gm\debug\vc120.pdb
d:\project\gm\gm\debug\qrc_gm.obj
d:\project\gm\gm\debug\render.obj
d:\project\gm\gm\debug\gm.obj
d:\project\gm\gm\debug\main.obj
d:\project\gm\gm\debug\moc_render.obj
d:\project\gm\gm\debug\moc_gm.obj
d:\project\gm\gm\debug\utils.obj
d:\project\gm\gm\generatedfiles\debug\moc_gm.cpp
d:\project\gm\gm\generatedfiles\ui_gm.h
d:\project\gm\gm\generatedfiles\qrc_gm.cpp
d:\project\gm\gm\generatedfiles\debug\moc_render.cpp
d:\project\gm\win32\debug\gm.ilk
d:\project\gm\win32\debug\gm.exe
d:\project\gm\win32\debug\gm.pdb
d:\project\gm\gm\debug\gm.tlog\cl.command.1.tlog
d:\project\gm\gm\debug\gm.tlog\cl.read.1.tlog
d:\project\gm\gm\debug\gm.tlog\cl.write.1.tlog
d:\project\gm\gm\debug\gm.tlog\custombuild.command.1.tlog
d:\project\gm\gm\debug\gm.tlog\custombuild.read.1.tlog
d:\project\gm\gm\debug\gm.tlog\custombuild.write.1.tlog
d:\project\gm\gm\debug\gm.tlog\link.command.1.tlog
d:\project\gm\gm\debug\gm.tlog\link.read.1.tlog
d:\project\gm\gm\debug\gm.tlog\link.write.1.tlog
